[Licensing::Module] Trying to connect to existing licensing client channel...
Built from '6000.2/respin/6000.2.6f2-cc51a95c03' branch; Version is '6000.2.6f2 (4a4dcaec6541) revision 4869578'; Using compiler version '194234433'; Build Type 'Release'
[Licensing::IpcConnector] Successfully connected to: "LicenseClient-BrucelyEustache" at "2025-10-31T12:57:36.412399Z"
OS: 'Windows 11  (10.0.26200) 64bit Professional' Language: 'en' Physical Memory: 7876 MB
BatchMode: 1, IsHumanControllingUs: 0, StartBugReporterOnCrash: 0, Is64bit: 1
Date: 2025-10-31T12:57:36Z

COMMAND LINE ARGUMENTS:
C:\Program Files\Unity\Hub\Editor\6000.2.6f2\Editor\Unity.exe
-adb2
-batchMode
-noUpm
-name
AssetImportWorker0
-projectPath
C:/Users/BrucelyEustache/Desktop/BunnyBall/BunnyBall
-logFile
Logs/AssetImportWorker0.log
-srvPort
63343
-licensingIpc
LicenseClient-BrucelyEustache
-job-worker-count
5
-background-job-worker-count
8
-gc-helper-count
1
-name
AssetImport
Successfully changed project path to: C:/Users/BrucelyEustache/Desktop/BunnyBall/BunnyBall
C:/Users/BrucelyEustache/Desktop/BunnyBall/BunnyBall
[UnityMemory] Configuration Parameters - Can be set up in boot.config
    "memorysetup-allocator-temp-initial-block-size-main=262144"
    "memorysetup-allocator-temp-initial-block-size-worker=262144"
    "memorysetup-bucket-allocator-granularity=16"
    "memorysetup-bucket-allocator-bucket-count=8"
    "memorysetup-bucket-allocator-block-size=33554432"
    "memorysetup-bucket-allocator-block-count=8"
    "memorysetup-main-allocator-block-size=16777216"
    "memorysetup-thread-allocator-block-size=16777216"
    "memorysetup-gfx-main-allocator-block-size=16777216"
    "memorysetup-gfx-thread-allocator-block-size=16777216"
    "memorysetup-cache-allocator-block-size=4194304"
    "memorysetup-typetree-allocator-block-size=2097152"
    "memorysetup-profiler-bucket-allocator-granularity=16"
    "memorysetup-profiler-bucket-allocator-bucket-count=8"
    "memorysetup-profiler-bucket-allocator-block-size=33554432"
    "memorysetup-profiler-bucket-allocator-block-count=8"
    "memorysetup-profiler-allocator-block-size=16777216"
    "memorysetup-profiler-editor-allocator-block-size=1048576"
    "memorysetup-temp-allocator-size-main=16777216"
    "memorysetup-job-temp-allocator-block-size=2097152"
    "memorysetup-job-temp-allocator-block-size-background=1048576"
    "memorysetup-job-temp-allocator-reduction-small-platforms=262144"
    "memorysetup-temp-allocator-size-background-worker=32768"
    "memorysetup-temp-allocator-size-job-worker=262144"
    "memorysetup-temp-allocator-size-preload-manager=33554432"
    "memorysetup-temp-allocator-size-nav-mesh-worker=65536"
    "memorysetup-temp-allocator-size-audio-worker=65536"
    "memorysetup-temp-allocator-size-cloud-worker=32768"
    "memorysetup-temp-allocator-size-gi-baking-worker=262144"
    "memorysetup-temp-allocator-size-gi-baking-worker=262144"
    "memorysetup-temp-allocator-size-gi-baking-worker=262144"
    "memorysetup-temp-allocator-size-gi-baking-worker=262144"
    "memorysetup-temp-allocator-size-gi-baking-worker=262144"
    "memorysetup-temp-allocator-size-gfx=262144"
Player connection [25540]  Target information:

Player connection [25540]  * "[IP] 172.21.0.1 [Port] 0 [Flags] 2 [Guid] 1136183260 [EditorId] 1136183260 [Version] 1048832 [Id] WindowsEditor(7,UAC-LS-8W5S8Y3) [Debug] 1 [PackageName] WindowsEditor [ProjectName] Editor" 

Player connection [25540]  * "[IP] 10.220.27.84 [Port] 0 [Flags] 2 [Guid] 1136183260 [EditorId] 1136183260 [Version] 1048832 [Id] WindowsEditor(7,UAC-LS-8W5S8Y3) [Debug] 1 [PackageName] WindowsEditor [ProjectName] Editor" 

Player connection [25540] Host joined multi-casting on [225.0.0.222:54997]...
Player connection [25540] Host joined alternative multi-casting on [225.0.0.222:34997]...
JobSystem: Creating JobQueue using job-worker-count value 5
Input System module state changed to: Initialized.
[Licensing::Client] Code 10 while verifying Licensing Client signature (process Id: 13036, path: "C:/Program Files/Unity Hub/UnityLicensingClient_V1/Unity.Licensing.Client.exe")
[Licensing::Module] LicensingClient has failed validation; ignoring
[Physics::Module] Initialized fallback backend.
[Physics::Module] Id: 0xdecafbad
[Licensing::Client] Error: HandshakeResponse reported an error:
	ResponseCode: 505
	ResponseStatus: Unsupported protocol version '1.17.2'.
[Licensing::Module] Error: Failed to handshake to channel: "LicenseClient-BrucelyEustache"
[Licensing::IpcConnector] LicenseClient-BrucelyEustache channel disconnected successfully.
[Licensing::IpcConnector] Successfully connected to: "LicenseClient-BrucelyEustache-6000.2.6" at "2025-10-31T12:57:37.1204503Z"
[Licensing::Client] Code 10 while verifying Licensing Client signature (process Id: 8116, path: "C:/Program Files/Unity/Hub/Editor/6000.2.6f2/Editor/Data/Resources/Licensing/Client/Unity.Licensing.Client.exe")
[Licensing::Module] LicensingClient has failed validation; ignoring
[Licensing::Client] Handshaking with LicensingClient:
  Version:                 1.17.2+ff71f16
  Session Id:              a3e8f27a057548f3b16bdd3a263a877a
  Correlation Id:          1e673557f4ff6415179be8f9fb02650b
  External correlation Id: 2795214446542385326
  Machine Id:              QduKwKXEu1HC8jWbCIlKpNClan0=
[Licensing::Module] Successfully connected to LicensingClient on channel: "LicenseClient-BrucelyEustache-6000.2.6" (connect: 0.01s, validation: 0.35s, handshake: 0.21s)
[Licensing::IpcConnector] Successfully connected to: "LicenseClient-BrucelyEustache-6000.2.6-notifications" at "2025-10-31T12:57:37.6818599Z"
[Licensing::Module] Licensing Background thread has ended after 1.27s
Library Redirect Path: Library/
[Physics::Module] Selected backend.
[Physics::Module] Name: PhysX
[Physics::Module] Id: 0xf2b8ea05
[Physics::Module] SDK Version: 4.1.2
[Physics::Module] Integration Version: 1.0.0
[Physics::Module] Threading Mode: Multi-Threaded
Refreshing native plugins compatible for Editor in 239.94 ms, found 4 plugins.
Preloading 0 native plugins for Editor in 0.00 ms.
Initialize engine version: 6000.2.6f2 (4a4dcaec6541)
[Subsystems] Discovering subsystems at path C:/Program Files/Unity/Hub/Editor/6000.2.6f2/Editor/Data/Resources/UnitySubsystems
[Subsystems] Discovering subsystems at path C:/Users/BrucelyEustache/Desktop/BunnyBall/BunnyBall/Assets
GfxDevice: creating device client; kGfxThreadingModeNonThreaded
d3d12: failed to query info queue interface (0x80004002).
Direct3D:
    Version:         Direct3D 12 [level 12.1]
    Renderer:        Intel(R) UHD Graphics (ID=0xa721)
    Vendor:          Intel
    VRAM:            3938 MB
    App VRAM Budget: 3544 MB
    Driver:          32.0.101.6881
    Unified Memory Architecture
    Cache Coherent UMA
Initialize mono
Mono path[0] = 'C:/Program Files/Unity/Hub/Editor/6000.2.6f2/Editor/Data/Managed'
Mono path[1] = 'C:/Program Files/Unity/Hub/Editor/6000.2.6f2/Editor/Data/MonoBleedingEdge/lib/mono/unityjit-win32'
Mono config path = 'C:/Program Files/Unity/Hub/Editor/6000.2.6f2/Editor/Data/MonoBleedingEdge/etc'
Using monoOptions --debugger-agent=transport=dt_socket,embedding=1,server=y,suspend=n,address=127.0.0.1:56052
Begin MonoManager ReloadAssembly
Registering precompiled unity dll's ...
Register platform support module: C:/Program Files/Unity/Hub/Editor/6000.2.6f2/Editor/Data/PlaybackEngines/WindowsStandaloneSupport/UnityEditor.WindowsStandalone.Extensions.dll
Registered in 0.088631 seconds.
- Loaded All Assemblies, in  4.159 seconds
Native extension for WindowsStandalone target not found
Mono: successfully reloaded assembly
- Finished resetting the current domain, in  6.013 seconds
Domain Reload Profiling: 10165ms
	BeginReloadAssembly (1625ms)
		ExecutionOrderSort (0ms)
		DisableScriptedObjects (0ms)
		BackupInstance (0ms)
		ReleaseScriptingObjects (0ms)
		CreateAndSetChildDomain (10ms)
	RebuildCommonClasses (345ms)
	RebuildNativeTypeToScriptingClass (78ms)
	initialDomainReloadingComplete (685ms)
	LoadAllAssembliesAndSetupDomain (1416ms)
		LoadAssemblies (1590ms)
		RebuildTransferFunctionScriptingTraits (0ms)
		AnalyzeDomain (1391ms)
			TypeCache.Refresh (1380ms)
				TypeCache.ScanAssembly (1279ms)
			BuildScriptInfoCaches (2ms)
			ResolveRequiredComponents (5ms)
	FinalizeReload (6017ms)
		ReleaseScriptCaches (0ms)
		RebuildScriptCaches (0ms)
		SetupLoadedEditorAssemblies (5193ms)
			LogAssemblyErrors (0ms)
			InitializePlatformSupportModulesInManaged (404ms)
			SetLoadedEditorAssemblies (24ms)
			BeforeProcessingInitializeOnLoad (1570ms)
			ProcessInitializeOnLoadAttributes (2659ms)
			ProcessInitializeOnLoadMethodAttributes (535ms)
			AfterProcessingInitializeOnLoad (0ms)
			EditorAssembliesLoaded (1ms)
		ExecutionOrderSort2 (0ms)
		AwakeInstancesAfterBackupRestoration (0ms)
========================================================================
Worker process is ready to serve import requests
Import Worker Mode flag is 0x00
Begin MonoManager ReloadAssembly
[Licensing::Client] Successfully resolved entitlement details
[Licensing::Module] License group:
  Id: 2475883173012-UnityPersXXXX
  Product: Unity Personal
  Type: Assigned
  Expiration: Unlimited
- Loaded All Assemblies, in  8.660 seconds
Refreshing native plugins compatible for Editor in 31.08 ms, found 4 plugins.
Native extension for WindowsStandalone target not found
Package Manager log level set to [2]
[Package Manager] Failed to launch server process. Reason: Unity was launched with the -noUpm command-line argument
[Package Manager] Unable to send message (not connected to server process).
[Package Manager] Cannot connect to Unity Package Manager local server
Mono: successfully reloaded assembly
- Finished resetting the current domain, in 14.327 seconds
Domain Reload Profiling: 22948ms
	BeginReloadAssembly (1654ms)
		ExecutionOrderSort (0ms)
		DisableScriptedObjects (67ms)
		BackupInstance (0ms)
		ReleaseScriptingObjects (0ms)
		CreateAndSetChildDomain (177ms)
	RebuildCommonClasses (309ms)
	RebuildNativeTypeToScriptingClass (75ms)
	initialDomainReloadingComplete (243ms)
	LoadAllAssembliesAndSetupDomain (6289ms)
		LoadAssemblies (3764ms)
		RebuildTransferFunctionScriptingTraits (0ms)
		AnalyzeDomain (3428ms)
			TypeCache.Refresh (2441ms)
				TypeCache.ScanAssembly (2304ms)
			BuildScriptInfoCaches (870ms)
			ResolveRequiredComponents (88ms)
	FinalizeReload (14378ms)
		ReleaseScriptCaches (0ms)
		RebuildScriptCaches (0ms)
		SetupLoadedEditorAssemblies (11614ms)
			LogAssemblyErrors (0ms)
			InitializePlatformSupportModulesInManaged (13ms)
			SetLoadedEditorAssemblies (23ms)
			BeforeProcessingInitializeOnLoad (1272ms)
			ProcessInitializeOnLoadAttributes (8688ms)
			ProcessInitializeOnLoadMethodAttributes (1512ms)
			AfterProcessingInitializeOnLoad (43ms)
			EditorAssembliesLoaded (62ms)
		ExecutionOrderSort2 (0ms)
		AwakeInstancesAfterBackupRestoration (271ms)
WARNING: Shader Unsupported: 'Hidden/Universal Render Pipeline/Terrain/Lit (Base Pass)' - All subshaders removed
WARNING: Shader Did you use #pragma only_renderers and omit this platform?
WARNING: Shader If subshaders removal was intentional, you may have forgotten turning Fallback off?
WARNING: Shader Unsupported: 'Hidden/Universal Render Pipeline/Terrain/Lit (Base Pass)' - All subshaders removed
WARNING: Shader Did you use #pragma only_renderers and omit this platform?
WARNING: Shader If subshaders removal was intentional, you may have forgotten turning Fallback off?
WARNING: Shader Unsupported: 'Universal Render Pipeline/Terrain/Lit' - All subshaders removed
WARNING: Shader Did you use #pragma only_renderers and omit this platform?
WARNING: Shader If subshaders removal was intentional, you may have forgotten turning Fallback off?
WARNING: Shader Unsupported: 'Universal Render Pipeline/Terrain/Lit' - All subshaders removed
WARNING: Shader Did you use #pragma only_renderers and omit this platform?
WARNING: Shader If subshaders removal was intentional, you may have forgotten turning Fallback off?
Launched and connected shader compiler UnityShaderCompiler.exe after 0.18 seconds
Refreshing native plugins compatible for Editor in 35.48 ms, found 4 plugins.
Preloading 0 native plugins for Editor in 0.00 ms.
Unloading 62 Unused Serialized files (Serialized files now loaded: 0)
Unloading 6983 unused Assets / (11.1 MB). Loaded Objects now: 7498.
Memory consumption went from 141.1 MB to 130.0 MB.
Total: 245.545700 ms (FindLiveObjects: 64.239600 ms CreateObjectMapping: 5.942900 ms MarkObjects: 112.215800 ms  DeleteObjects: 63.131000 ms)

========================================================================
Received Import Request.
  Time since last request: 21025.880413 seconds.
  path: Assets/UnityTechnologies/BunnyBall/Scenes/Level 1.unity
  artifactKey: Guid(4d1bd210cfb109d408a92d01118d79a8) Importer(815301076,1909f56bfc062723c751e8b465ee728b)
Start importing Assets/UnityTechnologies/BunnyBall/Scenes/Level 1.unity using Guid(4d1bd210cfb109d408a92d01118d79a8) Importer(815301076,1909f56bfc062723c751e8b465ee728b) (PreviewImporter) -> (artifact id: 'e2511f5d201ba6955304fdaab950179e') in 0.2681882 seconds
Number of updated asset objects reloaded before import = 0Number of asset objects unloaded after import = 0

========================================================================
Received Import Request.
  Time since last request: 313.038056 seconds.
  path: Assets/UnityTechnologies/BunnyBall/Scenes/Level 2.unity
  artifactKey: Guid(a3276a7da20e32f4085270241f49f2a4) Importer(815301076,1909f56bfc062723c751e8b465ee728b)
Start importing Assets/UnityTechnologies/BunnyBall/Scenes/Level 2.unity using Guid(a3276a7da20e32f4085270241f49f2a4) Importer(815301076,1909f56bfc062723c751e8b465ee728b) (PreviewImporter) -> (artifact id: '8eff7266e7eec0961772696062e08518') in 0.1124134 seconds
Number of updated asset objects reloaded before import = 0Number of asset objects unloaded after import = 0

